This is pdfTeX, Version 3.14159265-2.6-1.40.20 (TeX Live 2019/Debian) (preloaded format=pdflatex 2020.7.30)  13 AUG 2020 13:26
entering extended mode
 restricted \write18 enabled.
 %&-line parsing enabled.
**TrabajoPracticoADC.tex
(./TrabajoPracticoADC.tex
LaTeX2e <2020-02-02> patch level 2
L3 programming layer <2020-02-14>
(/usr/share/texlive/texmf-dist/tex/latex/base/report.cls
Document Class: report 2019/12/20 v1.4l Standard LaTeX document class
(/usr/share/texlive/texmf-dist/tex/latex/base/size11.clo
File: size11.clo 2019/12/20 v1.4l Standard LaTeX file (size option)
)
\c@part=\count167
\c@chapter=\count168
\c@section=\count169
\c@subsection=\count170
\c@subsubsection=\count171
\c@paragraph=\count172
\c@subparagraph=\count173
\c@figure=\count174
\c@table=\count175
\abovecaptionskip=\skip47
\belowcaptionskip=\skip48
\bibindent=\dimen134
)
(/usr/share/texlive/texmf-dist/tex/latex/ragged2e/ragged2e.sty
Package: ragged2e 2019/07/28 v2.2 ragged2e Package (MS)

(/usr/share/texlive/texmf-dist/tex/latex/ms/everysel.sty
Package: everysel 2011/10/28 v1.2 EverySelectfont Package (MS)
)
(/usr/share/texlive/texmf-dist/tex/latex/footmisc/footmisc.sty
Package: footmisc 2011/06/06 v5.5b a miscellany of footnote facilities
\FN@temptoken=\toks14
\footnotemargin=\dimen135
\c@pp@next@reset=\count176
Package footmisc Info: Declaring symbol style bringhurst on input line 855.
Package footmisc Info: Declaring symbol style chicago on input line 863.
Package footmisc Info: Declaring symbol style wiley on input line 872.
Package footmisc Info: Declaring symbol style lamport-robust on input line 883.

Package footmisc Info: Declaring symbol style lamport* on input line 903.
Package footmisc Info: Declaring symbol style lamport*-robust on input line 924
.
)
\CenteringLeftskip=\skip49
\RaggedLeftLeftskip=\skip50
\RaggedRightLeftskip=\skip51
\CenteringRightskip=\skip52
\RaggedLeftRightskip=\skip53
\RaggedRightRightskip=\skip54
\CenteringParfillskip=\skip55
\RaggedLeftParfillskip=\skip56
\RaggedRightParfillskip=\skip57
\JustifyingParfillskip=\skip58
\CenteringParindent=\skip59
\RaggedLeftParindent=\skip60
\RaggedRightParindent=\skip61
\JustifyingParindent=\skip62
)
(/usr/share/texlive/texmf-dist/tex/latex/setspace/setspace.sty
Package: setspace 2011/12/19 v6.7a set line spacing
)
(/usr/share/texlive/texmf-dist/tex/latex/base/inputenc.sty
Package: inputenc 2018/08/11 v1.3c Input encoding file
\inpenc@prehook=\toks15
\inpenc@posthook=\toks16
)
(/usr/share/texlive/texmf-dist/tex/latex/amsmath/amsmath.sty
Package: amsmath 2020/01/20 v2.17e AMS math features
\@mathmargin=\skip63

For additional information on amsmath, use the `?' option.
(/usr/share/texlive/texmf-dist/tex/latex/amsmath/amstext.sty
Package: amstext 2000/06/29 v2.01 AMS text

(/usr/share/texlive/texmf-dist/tex/latex/amsmath/amsgen.sty
File: amsgen.sty 1999/11/30 v2.0 generic functions
\@emptytoks=\toks17
\ex@=\dimen136
))
(/usr/share/texlive/texmf-dist/tex/latex/amsmath/amsbsy.sty
Package: amsbsy 1999/11/29 v1.2d Bold Symbols
\pmbraise@=\dimen137
)
(/usr/share/texlive/texmf-dist/tex/latex/amsmath/amsopn.sty
Package: amsopn 2016/03/08 v2.02 operator names
)
\inf@bad=\count177
LaTeX Info: Redefining \frac on input line 227.
\uproot@=\count178
\leftroot@=\count179
LaTeX Info: Redefining \overline on input line 389.
\classnum@=\count180
\DOTSCASE@=\count181
LaTeX Info: Redefining \ldots on input line 486.
LaTeX Info: Redefining \dots on input line 489.
LaTeX Info: Redefining \cdots on input line 610.
\Mathstrutbox@=\box45
\strutbox@=\box46
\big@size=\dimen138
LaTeX Font Info:    Redeclaring font encoding OML on input line 733.
LaTeX Font Info:    Redeclaring font encoding OMS on input line 734.
\macc@depth=\count182
\c@MaxMatrixCols=\count183
\dotsspace@=\muskip16
\c@parentequation=\count184
\dspbrk@lvl=\count185
\tag@help=\toks18
\row@=\count186
\column@=\count187
\maxfields@=\count188
\andhelp@=\toks19
\eqnshift@=\dimen139
\alignsep@=\dimen140
\tagshift@=\dimen141
\tagwidth@=\dimen142
\totwidth@=\dimen143
\lineht@=\dimen144
\@envbody=\toks20
\multlinegap=\skip64
\multlinetaggap=\skip65
\mathdisplay@stack=\toks21
LaTeX Info: Redefining \[ on input line 2859.
LaTeX Info: Redefining \] on input line 2860.
)
(/usr/share/texlive/texmf-dist/tex/latex/esint/esint.sty
Package: esint 
\symlargesymbolsA=\mathgroup4
)
(/usr/share/texlive/texmf-dist/tex/latex/amsfonts/amsfonts.sty
Package: amsfonts 2013/01/14 v3.01 Basic AMSFonts support
\symAMSa=\mathgroup5
\symAMSb=\mathgroup6
LaTeX Font Info:    Redeclaring math symbol \hbar on input line 98.
LaTeX Font Info:    Overwriting math alphabet `\mathfrak' in version `bold'
(Font)                  U/euf/m/n --> U/euf/b/n on input line 106.
)
(/usr/share/texlive/texmf-dist/tex/latex/amsfonts/amssymb.sty
Package: amssymb 2013/01/14 v3.01 AMS font symbols
)
(/usr/share/texlive/texmf-dist/tex/latex/base/textcomp.sty
Package: textcomp 2020/02/02 v2.0n Standard LaTeX package
)
(/usr/share/texlive/texmf-dist/tex/latex/was/gensymb.sty
Package: gensymb 2003/07/02 v1.0 (WaS)
)
(/usr/share/texlive/texmf-dist/tex/latex/base/makeidx.sty
Package: makeidx 2014/09/29 v1.0m Standard LaTeX package
)
(/usr/share/texlive/texmf-dist/tex/latex/tools/afterpage.sty
Package: afterpage 2014/10/28 v1.08 After-Page Package (DPC)
\AP@output=\toks22
\AP@partial=\box47
\AP@footins=\box48
)
(/usr/share/texlive/texmf-dist/tex/latex/caption/caption.sty
Package: caption 2020/01/03 v3.4h Customizing captions (AR)

(/usr/share/texlive/texmf-dist/tex/latex/caption/caption3.sty
Package: caption3 2020/01/03 v1.8h caption3 kernel (AR)
Package caption3 Info: TeX engine: e-TeX on input line 61.

(/usr/share/texlive/texmf-dist/tex/latex/graphics/keyval.sty
Package: keyval 2014/10/28 v1.15 key=value parser (DPC)
\KV@toks@=\toks23
)
\captionmargin=\dimen145
\captionmargin@=\dimen146
\captionwidth=\dimen147
\caption@tempdima=\dimen148
\caption@indent=\dimen149
\caption@parindent=\dimen150
\caption@hangindent=\dimen151
Package caption Info: Standard document class detected.
)
\c@caption@flags=\count189
\c@continuedfloat=\count190
)
(/usr/share/texlive/texmf-dist/tex/latex/graphics/graphicx.sty
Package: graphicx 2019/11/30 v1.2a Enhanced LaTeX Graphics (DPC,SPQR)

(/usr/share/texlive/texmf-dist/tex/latex/graphics/graphics.sty
Package: graphics 2019/11/30 v1.4a Standard LaTeX Graphics (DPC,SPQR)

(/usr/share/texlive/texmf-dist/tex/latex/graphics/trig.sty
Package: trig 2016/01/03 v1.10 sin cos tan (DPC)
)
(/usr/share/texlive/texmf-dist/tex/latex/graphics-cfg/graphics.cfg
File: graphics.cfg 2016/06/04 v1.11 sample graphics configuration
)
Package graphics Info: Driver file: pdftex.def on input line 105.

(/usr/share/texlive/texmf-dist/tex/latex/graphics-def/pdftex.def
File: pdftex.def 2018/01/08 v1.0l Graphics/color driver for pdftex
))
\Gin@req@height=\dimen152
\Gin@req@width=\dimen153
)
\@indexfile=\write3
\openout3 = `TrabajoPracticoADC.idx'.


Writing index file TrabajoPracticoADC.idx
(/usr/share/texlive/texmf-dist/tex/latex/l3backend/l3backend-pdfmode.def
File: l3backend-pdfmode.def 2020-02-03 L3 backend support: PDF mode
\l__kernel_color_stack_int=\count191
\l__pdf_internal_box=\box49
)
(./TrabajoPracticoADC.aux)
\openout1 = `TrabajoPracticoADC.aux'.

LaTeX Font Info:    Checking defaults for OML/cmm/m/it on input line 18.
LaTeX Font Info:    ... okay on input line 18.
LaTeX Font Info:    Checking defaults for OMS/cmsy/m/n on input line 18.
LaTeX Font Info:    ... okay on input line 18.
LaTeX Font Info:    Checking defaults for OT1/cmr/m/n on input line 18.
LaTeX Font Info:    ... okay on input line 18.
LaTeX Font Info:    Checking defaults for T1/cmr/m/n on input line 18.
LaTeX Font Info:    ... okay on input line 18.
LaTeX Font Info:    Checking defaults for TS1/cmr/m/n on input line 18.
LaTeX Font Info:    ... okay on input line 18.
LaTeX Font Info:    Checking defaults for OMX/cmex/m/n on input line 18.
LaTeX Font Info:    ... okay on input line 18.
LaTeX Font Info:    Checking defaults for U/cmr/m/n on input line 18.
LaTeX Font Info:    ... okay on input line 18.
Package ragged2e Info: ABD: executing \RaggedRight on input line 18.
 ABD: EverySelectfont initializing macros
LaTeX Info: Redefining \selectfont on input line 18.
\symgns@font=\mathgroup7
LaTeX Font Info:    Overwriting symbol font `gns@font' in version `bold'
(Font)                  TS1/cmr/m/n --> TS1/cmr/b/n on input line 18.
Package gensymb Info: Math companion symbols declared on input line 18.
LaTeX Info: Redefining \degree on input line 18.
LaTeX Info: Redefining \celsius on input line 18.
Package gensymb Info: Using text companion symbols for \degree, \celsius and \p
erthousand on input line 18.
LaTeX Info: Redefining \ohm on input line 18.
Package gensymb Info: Using \textohm for \ohm on input line 18.
Package gensymb Info: Using \textmu for \micro on input line 18.
Package caption Info: Begin \AtBeginDocument code.
Package caption Info: End \AtBeginDocument code.

(/usr/share/texlive/texmf-dist/tex/context/base/mkii/supp-pdf.mkii
[Loading MPS to PDF converter (version 2006.09.02).]
\scratchcounter=\count192
\scratchdimen=\dimen154
\scratchbox=\box50
\nofMPsegments=\count193
\nofMParguments=\count194
\everyMPshowfont=\toks24
\MPscratchCnt=\count195
\MPscratchDim=\dimen155
\MPnumerator=\count196
\makeMPintoPDFobject=\count197
\everyMPtoPDFconversion=\toks25
) (/usr/share/texlive/texmf-dist/tex/latex/epstopdf-pkg/epstopdf-base.sty
Package: epstopdf-base 2020-01-24 v2.11 Base part for package epstopdf
Package epstopdf-base Info: Redefining graphics rule for `.eps' on input line 4
85.

(/usr/share/texlive/texmf-dist/tex/latex/latexconfig/epstopdf-sys.cfg
File: epstopdf-sys.cfg 2010/07/13 v1.3 Configuration of (r)epstopdf for TeX Liv
e
))
(./TrabajoPracticoADC.ind
LaTeX Font Info:    Trying to load font information for U+esint on input line 6
.

(/usr/share/texlive/texmf-dist/tex/latex/esint/uesint.fd
File: uesint.fd 
)
LaTeX Font Info:    Trying to load font information for U+msa on input line 6.

(/usr/share/texlive/texmf-dist/tex/latex/amsfonts/umsa.fd
File: umsa.fd 2013/01/14 v3.01 AMS symbols A
)
LaTeX Font Info:    Trying to load font information for U+msb on input line 6.

(/usr/share/texlive/texmf-dist/tex/latex/amsfonts/umsb.fd
File: umsb.fd 2013/01/14 v3.01 AMS symbols B
)
Overfull \hbox (1.61775pt too wide) in paragraph at lines 24--25
[]\OT1/cmr/bx/n/10.95 C^^Salculo anal^^S^^Ptico de las re-spues- 
 []

[1{/var/lib/texmf/fonts/map/pdftex/updmap/pdftex.map}



]) [2

] [3]
<DiagramasBode.png, id=23, 471.7625pt x 553.06625pt>
File: DiagramasBode.png Graphic file (type png)
<use DiagramasBode.png>
Package pdftex.def Info: DiagramasBode.png  used on input line 118.
(pdftex.def)             Requested size: 330.23149pt x 387.14374pt.


LaTeX Warning: `!h' float specifier changed to `!ht'.

[4] [5 <./DiagramasBode.png>] [6]
<RtaEscalon.png, id=37, 500.87125pt x 410.53375pt>
File: RtaEscalon.png Graphic file (type png)
<use RtaEscalon.png>
Package pdftex.def Info: RtaEscalon.png  used on input line 157.
(pdftex.def)             Requested size: 350.60747pt x 287.37166pt.
 [7 <./RtaEscalon.png>]
<EfectoBatido.png, id=43, 334.87485pt x 137.38455pt>
File: EfectoBatido.png Graphic file (type png)
<use EfectoBatido.png>
Package pdftex.def Info: EfectoBatido.png  used on input line 174.
(pdftex.def)             Requested size: 334.87402pt x 137.3842pt.
<EfectoBatidoExtendido.png, id=44, 337.02148pt x 61.53683pt>
File: EfectoBatidoExtendido.png Graphic file (type png)
<use EfectoBatidoExtendido.png>
Package pdftex.def Info: EfectoBatidoExtendido.png  used on input line 183.
(pdftex.def)             Requested size: 337.02065pt x 61.53667pt.
 [8 <./EfectoBatido.png (PNG copy)> <./EfectoBatidoExtendido.png (PNG copy)>]
<RtaImpulso.png, id=49, 487.8225pt x 404.51125pt>
File: RtaImpulso.png Graphic file (type png)
<use RtaImpulso.png>
Package pdftex.def Info: RtaImpulso.png  used on input line 191.
(pdftex.def)             Requested size: 341.47342pt x 283.15593pt.
 [9 <./RtaImpulso.png>]
<RtaSenoidalBajo.png, id=54, 366.35881pt x 287.64891pt>
File: RtaSenoidalBajo.png Graphic file (type png)
<use RtaSenoidalBajo.png>
Package pdftex.def Info: RtaSenoidalBajo.png  used on input line 208.
(pdftex.def)             Requested size: 351.70604pt x 276.14421pt.

[10 <./RtaSenoidalBajo.png (PNG copy)>]
<RtaSenoidalMedio.png, id=59, 349.90129pt x 285.50227pt>
File: RtaSenoidalMedio.png Graphic file (type png)
<use RtaSenoidalMedio.png>
Package pdftex.def Info: RtaSenoidalMedio.png  used on input line 216.
(pdftex.def)             Requested size: 349.90044pt x 285.50156pt.
 [11 <./RtaSenoidalMedio.png (PNG copy)>]
<RtaSenoidalAlto.png, id=64, 361.35pt x 286.93336pt>
File: RtaSenoidalAlto.png Graphic file (type png)
<use RtaSenoidalAlto.png>
Package pdftex.def Info: RtaSenoidalAlto.png  used on input line 227.
(pdftex.def)             Requested size: 354.12059pt x 281.19278pt.
 [12 <./RtaSenoidalAlto.png (PNG copy)>]
<RtaCuadradaWo11.png, id=68, 366.35881pt x 287.64891pt>
File: RtaCuadradaWo11.png Graphic file (type png)
<use RtaCuadradaWo11.png>
Package pdftex.def Info: RtaCuadradaWo11.png  used on input line 244.
(pdftex.def)             Requested size: 366.35791pt x 287.64821pt.

Overfull \hbox (6.35791pt too wide) in paragraph at lines 244--245
[][]  
 []

<RtaCuadradaWo12.png, id=69, 350.61684pt x 286.21782pt>
File: RtaCuadradaWo12.png Graphic file (type png)
<use RtaCuadradaWo12.png>
Package pdftex.def Info: RtaCuadradaWo12.png  used on input line 254.
(pdftex.def)             Requested size: 350.61597pt x 286.2171pt.
[13 <./RtaCuadradaWo11.png (PNG copy)>] [14 <./RtaCuadradaWo12.png (PNG copy)>]
<RtaCuadradaWo13.png, id=79, 354.9101pt x 290.5111pt>
File: RtaCuadradaWo13.png Graphic file (type png)
<use RtaCuadradaWo13.png>
Package pdftex.def Info: RtaCuadradaWo13.png  used on input line 265.
(pdftex.def)             Requested size: 354.90923pt x 290.51038pt.
[15 <./RtaCuadradaWo13.png (PNG copy)>]
<RtaCuadradaWo21.png, id=83, 366.35881pt x 287.64891pt>
File: RtaCuadradaWo21.png Graphic file (type png)
<use RtaCuadradaWo21.png>
Package pdftex.def Info: RtaCuadradaWo21.png  used on input line 278.
(pdftex.def)             Requested size: 311.40645pt x 244.50273pt.
<RtaCuadradaWo22.png, id=84, 347.75465pt x 287.64891pt>
File: RtaCuadradaWo22.png Graphic file (type png)
<use RtaCuadradaWo22.png>
Package pdftex.def Info: RtaCuadradaWo22.png  used on input line 280.
(pdftex.def)             Requested size: 295.59285pt x 244.50273pt.
 [16

 <./RtaCuadradaWo21.png (PNG copy)> <./RtaCuadradaWo22.png (PNG copy)>]
<RtaCuadradaWo23.png, id=88, 354.9101pt x 290.5111pt>
File: RtaCuadradaWo23.png Graphic file (type png)
<use RtaCuadradaWo23.png>
Package pdftex.def Info: RtaCuadradaWo23.png  used on input line 286.
(pdftex.def)             Requested size: 354.90923pt x 290.51038pt.
<MFBP.png, id=89, 387.82515pt x 151.69545pt>
File: MFBP.png Graphic file (type png)
<use MFBP.png>
Package pdftex.def Info: MFBP.png  used on input line 302.
(pdftex.def)             Requested size: 349.0394pt x 136.52463pt.
 [17

 <./RtaCuadradaWo23.png (PNG copy)>]
[18 <./MFBP.png (PNG copy)>] [19

] [20]
<ResultadosPrimerCaso.png, id=103, 224.68098pt x 245.43178pt>
File: ResultadosPrimerCaso.png Graphic file (type png)
<use ResultadosPrimerCaso.png>
Package pdftex.def Info: ResultadosPrimerCaso.png  used on input line 365.
(pdftex.def)             Requested size: 224.68044pt x 245.43117pt.
 [21

 <./ResultadosPrimerCaso.png (PNG copy)>]
<ResultadosSegundoCaso.png, id=107, 235.41415pt x 244.71623pt>
File: ResultadosSegundoCaso.png Graphic file (type png)
<use ResultadosSegundoCaso.png>
Package pdftex.def Info: ResultadosSegundoCaso.png  used on input line 382.
(pdftex.def)             Requested size: 235.41357pt x 244.71562pt.
 [22 <./ResultadosSegundoCaso.png (PNG copy)>]
<ResultadosTercerCaso.png, id=111, 226.82762pt x 246.14732pt>
File: ResultadosTercerCaso.png Graphic file (type png)
<use ResultadosTercerCaso.png>
Package pdftex.def Info: ResultadosTercerCaso.png  used on input line 396.
(pdftex.def)             Requested size: 226.82706pt x 246.14671pt.
<tablaValores.png, id=112, 315.55515pt x 467.2506pt>
File: tablaValores.png Graphic file (type png)
<use tablaValores.png>
Package pdftex.def Info: tablaValores.png  used on input line 411.
(pdftex.def)             Requested size: 315.55435pt x 467.24945pt.
 [23 <./ResultadosTercerCaso.png (PNG copy)>] [24 <./tablaValores.png (PNG copy
)>]
<DiagramasBodeN.png, id=119, 489.83pt x 408.52625pt>
File: DiagramasBodeN.png Graphic file (type png)
<use DiagramasBodeN.png>
Package pdftex.def Info: DiagramasBodeN.png  used on input line 434.
(pdftex.def)             Requested size: 342.87866pt x 285.96642pt.
 [25 <./DiagramasBodeN.png>]
<DiagramasBodeComp.png, id=126, 495.8525pt x 406.51875pt>
File: DiagramasBodeComp.png Graphic file (type png)
<use DiagramasBodeComp.png>
Package pdftex.def Info: DiagramasBodeComp.png  used on input line 441.
(pdftex.def)             Requested size: 347.09438pt x 284.56117pt.
<DiagramasBodeCloseComp.png, id=127, 480.79625pt x 177.66376pt>
File: DiagramasBodeCloseComp.png Graphic file (type png)
<use DiagramasBodeCloseComp.png>
Package pdftex.def Info: DiagramasBodeCloseComp.png  used on input line 449.
(pdftex.def)             Requested size: 336.55507pt x 124.36377pt.
 [26

 <./DiagramasBodeComp.png> <./DiagramasBodeCloseComp.png>]
<RtaEscalonN.png, id=133, 476.78125pt x 404.51125pt>
File: RtaEscalonN.png Graphic file (type png)
<use RtaEscalonN.png>
Package pdftex.def Info: RtaEscalonN.png  used on input line 461.
(pdftex.def)             Requested size: 333.74458pt x 283.15593pt.
 [27 <./RtaEscalonN.png>]
<RtaEscalonComp.png, id=138, 489.83pt x 402.50375pt>
File: RtaEscalonComp.png Graphic file (type png)
<use RtaEscalonComp.png>
Package pdftex.def Info: RtaEscalonComp.png  used on input line 468.
(pdftex.def)             Requested size: 342.87866pt x 281.7507pt.
<RtaEscalonCloseComp.png, id=139, 494.84875pt x 401.5pt>
File: RtaEscalonCloseComp.png Graphic file (type png)
<use RtaEscalonCloseComp.png>
Package pdftex.def Info: RtaEscalonCloseComp.png  used on input line 477.
(pdftex.def)             Requested size: 237.5247pt x 192.7178pt.
 [28

 <./RtaEscalonComp.png> <./RtaEscalonCloseComp.png>]
<Circuito.png, id=145, 394.26505pt x 167.43742pt>
File: Circuito.png Graphic file (type png)
<use Circuito.png>
Package pdftex.def Info: Circuito.png  used on input line 495.
(pdftex.def)             Requested size: 394.26408pt x 167.437pt.

Overfull \hbox (34.26408pt too wide) in paragraph at lines 495--496
 [][] 
 []

[29 <./Circuito.png (PNG copy)>]
<MagnitudBodeSpice.png, id=149, 359.91891pt x 291.22664pt>
File: MagnitudBodeSpice.png Graphic file (type png)
<use MagnitudBodeSpice.png>
Package pdftex.def Info: MagnitudBodeSpice.png  used on input line 504.
(pdftex.def)             Requested size: 323.92401pt x 262.10155pt.
<PhaseBodeSpice.png, id=150, 357.77228pt x 291.94218pt>
File: PhaseBodeSpice.png Graphic file (type png)
<use PhaseBodeSpice.png>
Package pdftex.def Info: PhaseBodeSpice.png  used on input line 507.
(pdftex.def)             Requested size: 304.10786pt x 248.15202pt.
<MagnitudBodeSpiceComp.png, id=151, 354.19455pt x 289.79555pt>
File: MagnitudBodeSpiceComp.png Graphic file (type png)
<use MagnitudBodeSpiceComp.png>
Package pdftex.def Info: MagnitudBodeSpiceComp.png  used on input line 513.
(pdftex.def)             Requested size: 318.77214pt x 260.81357pt.
<PhaseBodeSpiceComp.png, id=152, 354.19455pt x 289.79555pt>
File: PhaseBodeSpiceComp.png Graphic file (type png)
<use PhaseBodeSpiceComp.png>
Package pdftex.def Info: PhaseBodeSpiceComp.png  used on input line 516.
(pdftex.def)             Requested size: 301.06679pt x 246.32736pt.
 [30 <./MagnitudBodeSpice.png (PNG copy)> <./PhaseBodeSpice.png (PNG copy)>]
<rtaEscalonSpice.png, id=156, 354.19455pt x 289.79555pt>
File: rtaEscalonSpice.png Graphic file (type png)
<use rtaEscalonSpice.png>
Package pdftex.def Info: rtaEscalonSpice.png  used on input line 524.
(pdftex.def)             Requested size: 318.77214pt x 260.81357pt.
<rtaEscalonSpiceComp.png, id=157, 351.33238pt x 290.5111pt>
File: rtaEscalonSpiceComp.png Graphic file (type png)
<use rtaEscalonSpiceComp.png>
Package pdftex.def Info: rtaEscalonSpiceComp.png  used on input line 527.
(pdftex.def)             Requested size: 298.63393pt x 246.9356pt.
 [31 <./MagnitudBodeSpiceComp.png (PNG copy)> <./PhaseBodeSpiceComp.png (PNG co
py)>] [32 <./rtaEscalonSpice.png (PNG copy)> <./rtaEscalonSpiceComp.png (PNG co
py)>]
<rtaSenoidalBajoSpice.png, id=165, 366.35881pt x 287.64891pt>
File: rtaSenoidalBajoSpice.png Graphic file (type png)
<use rtaSenoidalBajoSpice.png>
Package pdftex.def Info: rtaSenoidalBajoSpice.png  used on input line 537.
(pdftex.def)             Requested size: 293.08743pt x 230.11943pt.
<rtaSenoidalBajoSpiceComp.png, id=166, 359.20337pt x 284.78673pt>
File: rtaSenoidalBajoSpiceComp.png Graphic file (type png)
<use rtaSenoidalBajoSpiceComp.png>
Package pdftex.def Info: rtaSenoidalBajoSpiceComp.png  used on input line 539.
(pdftex.def)             Requested size: 287.36308pt x 227.82968pt.
 [33 <./rtaSenoidalBajoSpice.png (PNG copy)> <./rtaSenoidalBajoSpiceComp.png (P
NG copy)>]
<rtaSenoidalMedioSpice.png, id=170, 352.76346pt x 289.79555pt>
File: rtaSenoidalMedioSpice.png Graphic file (type png)
<use rtaSenoidalMedioSpice.png>
Package pdftex.def Info: rtaSenoidalMedioSpice.png  used on input line 546.
(pdftex.def)             Requested size: 352.76259pt x 289.79483pt.
<rtaSenoidalMedioSpiceComp.png, id=171, 352.04793pt x 289.08pt>
File: rtaSenoidalMedioSpiceComp.png Graphic file (type png)
<use rtaSenoidalMedioSpiceComp.png>
Package pdftex.def Info: rtaSenoidalMedioSpiceComp.png  used on input line 548.

(pdftex.def)             Requested size: 337.96753pt x 277.51805pt.


LaTeX Warning: Float too large for page by 16.51262pt on input line 550.


LaTeX Warning: `!h' float specifier changed to `!ht'.

<rtaSenoidalAltoSpice.png, id=172, 359.91891pt x 288.36446pt>
File: rtaSenoidalAltoSpice.png Graphic file (type png)
<use rtaSenoidalAltoSpice.png>
Package pdftex.def Info: rtaSenoidalAltoSpice.png  used on input line 556.
(pdftex.def)             Requested size: 359.91801pt x 288.36374pt.
<rtaSenoidalAltoSpiceComp.png, id=173, 359.91891pt x 288.36446pt>
File: rtaSenoidalAltoSpiceComp.png Graphic file (type png)
<use rtaSenoidalAltoSpiceComp.png>
Package pdftex.def Info: rtaSenoidalAltoSpiceComp.png  used on input line 558.
(pdftex.def)             Requested size: 345.5237pt x 276.83112pt.

LaTeX Warning: Float too large for page by 14.39459pt on input line 560.


LaTeX Warning: `!h' float specifier changed to `!ht'.

[34 <./rtaSenoidalMedioSpice.png (PNG copy)> <./rtaSenoidalMedioSpiceComp.png (
PNG copy)>] [35 <./rtaSenoidalAltoSpice.png (PNG copy)> <./rtaSenoidalAltoSpice
Comp.png (PNG copy)>]
<rtaSenoidalAltoSpiceCloseComp.png, id=180, 359.91891pt x 288.36446pt>
File: rtaSenoidalAltoSpiceCloseComp.png Graphic file (type png)
<use rtaSenoidalAltoSpiceCloseComp.png>
Package pdftex.def Info: rtaSenoidalAltoSpiceCloseComp.png  used on input line 
567.
(pdftex.def)             Requested size: 345.5237pt x 276.83112pt.

Overfull \hbox (6.27782pt too wide) in paragraph at lines 571--572
\OT1/cmr/m/n/10.95 siderando la nor-mal-izaci^^Son de los com-po-nentes. Hay qu
e con-sid-erar tambi^^Sen 
 []

[36

 <./rtaSenoidalAltoSpiceCloseComp.png (PNG copy)>]
<rtaCuadradaBaja1Spice.png, id=184, 360.63446pt x 287.64891pt>
File: rtaCuadradaBaja1Spice.png Graphic file (type png)
<use rtaCuadradaBaja1Spice.png>
Package pdftex.def Info: rtaCuadradaBaja1Spice.png  used on input line 581.
(pdftex.def)             Requested size: 288.50795pt x 230.11943pt.
<rtaCuadradaBaja1SpiceComp.png, id=185, 360.63446pt x 287.64891pt>
File: rtaCuadradaBaja1SpiceComp.png Graphic file (type png)
<use rtaCuadradaBaja1SpiceComp.png>
Package pdftex.def Info: rtaCuadradaBaja1SpiceComp.png  used on input line 583.

(pdftex.def)             Requested size: 288.50795pt x 230.11943pt.
 [37 <./rtaCuadradaBaja1Spice.png (PNG copy)> <./rtaCuadradaBaja1SpiceComp.png 
(PNG copy)>]
<rtaCuadradaMedio1Spice.png, id=190, 353.479pt x 287.64891pt>
File: rtaCuadradaMedio1Spice.png Graphic file (type png)
<use rtaCuadradaMedio1Spice.png>
Package pdftex.def Info: rtaCuadradaMedio1Spice.png  used on input line 590.
(pdftex.def)             Requested size: 282.78358pt x 230.11943pt.
<rtaCuadradaMedio1SpiceComp.png, id=191, 353.479pt x 287.64891pt>
File: rtaCuadradaMedio1SpiceComp.png Graphic file (type png)
<use rtaCuadradaMedio1SpiceComp.png>
Package pdftex.def Info: rtaCuadradaMedio1SpiceComp.png  used on input line 592
.
(pdftex.def)             Requested size: 282.78358pt x 230.11943pt.
 [38 <./rtaCuadradaMedio1Spice.png (PNG copy)> <./rtaCuadradaMedio1SpiceComp.pn
g (PNG copy)>]
<rtaCuadradaAlto1Spice.png, id=195, 362.78108pt x 291.22664pt>
File: rtaCuadradaAlto1Spice.png Graphic file (type png)
<use rtaCuadradaAlto1Spice.png>
Package pdftex.def Info: rtaCuadradaAlto1Spice.png  used on input line 600.
(pdftex.def)             Requested size: 308.36536pt x 247.54381pt.
<rtaCuadradaAlto1SpiceComp.png, id=196, 362.78108pt x 291.22664pt>
File: rtaCuadradaAlto1SpiceComp.png Graphic file (type png)
<use rtaCuadradaAlto1SpiceComp.png>
Package pdftex.def Info: rtaCuadradaAlto1SpiceComp.png  used on input line 602.

(pdftex.def)             Requested size: 290.22525pt x 232.98161pt.
[39 <./rtaCuadradaAlto1Spice.png (PNG copy)> <./rtaCuadradaAlto1SpiceComp.png (
PNG copy)>]
<rtaCuadradaBaja2Spice.png, id=200, 359.91891pt x 289.79555pt>
File: rtaCuadradaBaja2Spice.png Graphic file (type png)
<use rtaCuadradaBaja2Spice.png>
Package pdftex.def Info: rtaCuadradaBaja2Spice.png  used on input line 611.
(pdftex.def)             Requested size: 323.92401pt x 260.81357pt.
<rtaCuadradaBaja2SpiceComp.png, id=201, 359.91891pt x 289.79555pt>
File: rtaCuadradaBaja2SpiceComp.png Graphic file (type png)
<use rtaCuadradaBaja2SpiceComp.png>
Package pdftex.def Info: rtaCuadradaBaja2SpiceComp.png  used on input line 613.

(pdftex.def)             Requested size: 305.9325pt x 246.32736pt.
 [40 <./rtaCuadradaBaja2Spice.png (PNG copy)> <./rtaCuadradaBaja2SpiceComp.png 
(PNG copy)>]
<rtaCuadradaMedio2Spice.png, id=205, 359.91891pt x 289.79555pt>
File: rtaCuadradaMedio2Spice.png Graphic file (type png)
<use rtaCuadradaMedio2Spice.png>
Package pdftex.def Info: rtaCuadradaMedio2Spice.png  used on input line 620.
(pdftex.def)             Requested size: 359.91801pt x 289.79483pt.
<rtaCuadradaMedio2SpiceComp.png, id=206, 359.91891pt x 289.79555pt>
File: rtaCuadradaMedio2SpiceComp.png Graphic file (type png)
<use rtaCuadradaMedio2SpiceComp.png>
Package pdftex.def Info: rtaCuadradaMedio2SpiceComp.png  used on input line 622
.
(pdftex.def)             Requested size: 341.921pt x 275.3042pt.


LaTeX Warning: Float too large for page by 14.29877pt on input line 624.


LaTeX Warning: `!h' float specifier changed to `!ht'.

[41 <./rtaCuadradaMedio2Spice.png (PNG copy)> <./rtaCuadradaMedio2SpiceComp.png
 (PNG copy)>]
<rtaCuadradaAlto2Spice.png, id=210, 359.91891pt x 289.79555pt>
File: rtaCuadradaAlto2Spice.png Graphic file (type png)
<use rtaCuadradaAlto2Spice.png>
Package pdftex.def Info: rtaCuadradaAlto2Spice.png  used on input line 629.
(pdftex.def)             Requested size: 359.91801pt x 289.79483pt.
<rtaCuadradaAlto2SpiceComp.png, id=211, 359.91891pt x 289.79555pt>
File: rtaCuadradaAlto2SpiceComp.png Graphic file (type png)
<use rtaCuadradaAlto2SpiceComp.png>
Package pdftex.def Info: rtaCuadradaAlto2SpiceComp.png  used on input line 631.

(pdftex.def)             Requested size: 341.921pt x 275.3042pt.


LaTeX Warning: Float too large for page by 14.29877pt on input line 633.


LaTeX Warning: `!h' float specifier changed to `!ht'.

[42 <./rtaCuadradaAlto2Spice.png (PNG copy)> <./rtaCuadradaAlto2SpiceComp.png (
PNG copy)>]
Overfull \hbox (0.86366pt too wide) in paragraph at lines 636--637
[]\OT1/cmr/m/n/10.95 Los gr^^Saficos obtenidos para esta fre-cuen-cia son, como
 era es-per-a-ble, iguales 
 []


Overfull \hbox (5.29681pt too wide) in paragraph at lines 648--650
\OT1/cmr/m/n/10.95 de los dis-tin-tos gra-dos de \OT1/cmr/m/it/10.95 s \OT1/cmr
/m/n/10.95 sean iguales. Dado que s^^Solo ten-emos un t^^Sermino 
 []

[43


] [44]
Overfull \hbox (21.20831pt too wide) detected at line 690
\OMS/cmsy/m/n/10.95 L[]f\OML/cmm/m/it/10.95 H\OT1/cmr/m/n/10.95 (\OML/cmm/m/it/
10.95 s\OT1/cmr/m/n/10.95 ) \OMS/cmsy/m/n/10.95 ^^A []g\OT1/cmr/m/n/10.95 (\OML
/cmm/m/it/10.95 t\OT1/cmr/m/n/10.95 ) \OMS/cmsy/m/n/10.95 ^^Y \OML/cmm/m/it/10.
95 e[] \OMS/cmsy/m/n/10.95 ^^A \OT1/cmr/m/n/10.95 [73\OML/cmm/m/it/10.95 ; \OT1
/cmr/m/n/10.95 27 \OMS/cmsy/m/n/10.95 ^^A \OT1/cmr/m/n/10.95 10[] \OMS/cmsy/m/n
/10.95 ^^A []\OT1/cmr/m/n/10.95 (606\OML/cmm/m/it/10.95 ; \OT1/cmr/m/n/10.95 87
 \OMS/cmsy/m/n/10.95 ^^A \OML/cmm/m/it/10.95 t\OT1/cmr/m/n/10.95 ) \OMS/cmsy/m/
n/10.95 ^^@ \OT1/cmr/m/n/10.95 2\OML/cmm/m/it/10.95 ; \OT1/cmr/m/n/10.95 67 \OM
S/cmsy/m/n/10.95 ^^A \OT1/cmr/m/n/10.95 10[] \OMS/cmsy/m/n/10.95 ^^A []\OT1/cmr
/m/n/10.95 (606\OML/cmm/m/it/10.95 ; \OT1/cmr/m/n/10.95 87 \OMS/cmsy/m/n/10.95 
^^A \OML/cmm/m/it/10.95 t\OT1/cmr/m/n/10.95 )]
 []


Overfull \hbox (42.32086pt too wide) detected at line 691
[] \OT1/cmr/m/n/10.95 + \OML/cmm/m/it/10.95 e[] \OMS/cmsy/m/n/10.95 ^^A \OT1/cm
r/m/n/10.95 [\OMS/cmsy/m/n/10.95 ^^@\OT1/cmr/m/n/10.95 73\OML/cmm/m/it/10.95 ; 
\OT1/cmr/m/n/10.95 27 \OMS/cmsy/m/n/10.95 ^^A \OT1/cmr/m/n/10.95 10[] \OMS/cmsy
/m/n/10.95 ^^A []\OT1/cmr/m/n/10.95 (649\OML/cmm/m/it/10.95 ; \OT1/cmr/m/n/10.9
5 80 \OMS/cmsy/m/n/10.95 ^^A \OML/cmm/m/it/10.95 t\OT1/cmr/m/n/10.95 ) \OMS/cms
y/m/n/10.95 ^^@ \OT1/cmr/m/n/10.95 2\OML/cmm/m/it/10.95 ; \OT1/cmr/m/n/10.95 86
 \OMS/cmsy/m/n/10.95 ^^A \OT1/cmr/m/n/10.95 10[] \OMS/cmsy/m/n/10.95 ^^A []\OT1
/cmr/m/n/10.95 (649\OML/cmm/m/it/10.95 ; \OT1/cmr/m/n/10.95 80 \OMS/cmsy/m/n/10
.95 ^^A \OML/cmm/m/it/10.95 t\OT1/cmr/m/n/10.95 )] \OML/cmm/m/it/10.95 V
 []

<rtaEscalonAnaliticaVSOctave.png, id=222, 356.34119pt x 287.64891pt>
File: rtaEscalonAnaliticaVSOctave.png Graphic file (type png)
<use rtaEscalonAnaliticaVSOctave.png>
Package pdftex.def Info: rtaEscalonAnaliticaVSOctave.png  used on input line 69
7.
(pdftex.def)             Requested size: 356.34032pt x 287.64821pt.
[45 <./rtaEscalonAnaliticaVSOctave.png (PNG copy)>]
<rtaEscalonAnaliticaVSLTSpice.png, id=226, 355.62564pt x 289.79555pt>
File: rtaEscalonAnaliticaVSLTSpice.png Graphic file (type png)
<use rtaEscalonAnaliticaVSLTSpice.png>
Package pdftex.def Info: rtaEscalonAnaliticaVSLTSpice.png  used on input line 7
04.
(pdftex.def)             Requested size: 355.62476pt x 289.79483pt.
 [46

 <./rtaEscalonAnaliticaVSLTSpice.png (PNG copy)>] [47]
<rtaImpulsoAnaliticavsOctave.png, id=233, 355.62564pt x 289.79555pt>
File: rtaImpulsoAnaliticavsOctave.png Graphic file (type png)
<use rtaImpulsoAnaliticavsOctave.png>
Package pdftex.def Info: rtaImpulsoAnaliticavsOctave.png  used on input line 75
4.
(pdftex.def)             Requested size: 355.62476pt x 289.79483pt.
 [48 <./rtaImpulsoAnaliticavsOctave.png (PNG copy)>]
<rtaImpulsoAnaliticavsOctaveMagnificada.png, id=237, 355.62564pt x 289.79555pt>

File: rtaImpulsoAnaliticavsOctaveMagnificada.png Graphic file (type png)
<use rtaImpulsoAnaliticavsOctaveMagnificada.png>
Package pdftex.def Info: rtaImpulsoAnaliticavsOctaveMagnificada.png  used on in
put line 764.
(pdftex.def)             Requested size: 355.62476pt x 289.79483pt.
 [49 <./rtaImpulsoAnaliticavsOctaveMagnificada.png (PNG copy)>]
<diagramaBromwich1.png, id=242, 227.54317pt x 281.20901pt>
File: diagramaBromwich1.png Graphic file (type png)
<use diagramaBromwich1.png>
Package pdftex.def Info: diagramaBromwich1.png  used on input line 784.
(pdftex.def)             Requested size: 227.54259pt x 281.20831pt.

Overfull \hbox (0.68112pt too wide) in paragraph at lines 791--792
\OT1/cmr/m/n/10.95 lo que es-ta-mos in-te-grando, por lo tanto se har^^Sa uso d
e un re-curso poderoso 
 []

[50 <./diagramaBromwich1.png (PNG copy)>]
<diagramaBromwich2.png, id=248, 227.54317pt x 281.20901pt>
File: diagramaBromwich2.png Graphic file (type png)
<use diagramaBromwich2.png>
Package pdftex.def Info: diagramaBromwich2.png  used on input line 804.
(pdftex.def)             Requested size: 204.78693pt x 253.08575pt.
 [51 <./diagramaBromwich2.png (PNG copy)>] [52

] [53]
<rtaSenoidalAnaliticavsOctave.png, id=259, 360.63446pt x 286.21782pt>
File: rtaSenoidalAnaliticavsOctave.png Graphic file (type png)
<use rtaSenoidalAnaliticavsOctave.png>
Package pdftex.def Info: rtaSenoidalAnaliticavsOctave.png  used on input line 8
58.
(pdftex.def)             Requested size: 360.63358pt x 286.2171pt.

Overfull \hbox (0.63358pt too wide) in paragraph at lines 858--859
 [][] 
 []

[54 <./rtaSenoidalAnaliticavsOctave.png (PNG copy)>]
<rtaSenoidalAnaliticavsOctaveMagnificada.png, id=263, 353.479pt x 288.36446pt>
File: rtaSenoidalAnaliticavsOctaveMagnificada.png Graphic file (type png)
<use rtaSenoidalAnaliticavsOctaveMagnificada.png>
Package pdftex.def Info: rtaSenoidalAnaliticavsOctaveMagnificada.png  used on i
nput line 867.
(pdftex.def)             Requested size: 353.47813pt x 288.36374pt.
 [55

 <./rtaSenoidalAnaliticavsOctaveMagnificada.png (PNG copy)>]
<rtaSenoidalAnaliticavsSpice.png, id=268, 353.479pt x 287.64891pt>
File: rtaSenoidalAnaliticavsSpice.png Graphic file (type png)
<use rtaSenoidalAnaliticavsSpice.png>
Package pdftex.def Info: rtaSenoidalAnaliticavsSpice.png  used on input line 87
6.
(pdftex.def)             Requested size: 353.47813pt x 287.64821pt.
<rtaSenoidalAnaliticavsSpiceMagnificada.png, id=269, 353.479pt x 288.36446pt>
File: rtaSenoidalAnaliticavsSpiceMagnificada.png Graphic file (type png)
<use rtaSenoidalAnaliticavsSpiceMagnificada.png>
Package pdftex.def Info: rtaSenoidalAnaliticavsSpiceMagnificada.png  used on in
put line 878.
(pdftex.def)             Requested size: 318.12816pt x 259.5256pt.


LaTeX Warning: Float too large for page by 20.37355pt on input line 880.

[56 <./rtaSenoidalAnaliticavsSpice.png (PNG copy)> <./rtaSenoidalAnaliticavsSpi
ceMagnificada.png (PNG copy)>]
File: Circuito.png Graphic file (type png)
<use Circuito.png>
Package pdftex.def Info: Circuito.png  used on input line 896.
(pdftex.def)             Requested size: 394.26408pt x 167.437pt.

Overfull \hbox (34.26408pt too wide) in paragraph at lines 896--897
 [][] 
 []

[57


] (./TrabajoPracticoADC.aux) )
(\end occurred inside a group at level 1)

### semi simple group (level 1) entered at line 19 (\begingroup)
### bottom level 
Here is how much of TeX's memory you used:
 4240 strings out of 483140
 67117 string characters out of 5965151
 280003 words of memory out of 5000000
 19136 multiletter control sequences out of 15000+600000
 550215 words of font info for 96 fonts, out of 8000000 for 9000
 36 hyphenation exceptions out of 8191
 38i,8n,42p,948b,462s stack positions out of 5000i,500n,10000p,200000b,80000s
 </home/marcos/.texlive2019/texmf-var/fonts/pk/ljfour/jknappen/
ec/tcrm1095.600pk></usr/share/texlive/texmf-dist/fonts/type1/public/amsfonts/cm
/cmbx10.pfb></usr/share/texlive/texmf-dist/fonts/type1/public/amsfonts/cm/cmbx1
2.pfb></usr/share/texlive/texmf-dist/fonts/type1/public/amsfonts/cm/cmbxti10.pf
b></usr/share/texlive/texmf-dist/fonts/type1/public/amsfonts/cm/cmex10.pfb></us
r/share/texlive/texmf-dist/fonts/type1/public/amsfonts/cm/cmmi10.pfb></usr/shar
e/texlive/texmf-dist/fonts/type1/public/amsfonts/cm/cmmi12.pfb></usr/share/texl
ive/texmf-dist/fonts/type1/public/amsfonts/cm/cmmi6.pfb></usr/share/texlive/tex
mf-dist/fonts/type1/public/amsfonts/cm/cmmi7.pfb></usr/share/texlive/texmf-dist
/fonts/type1/public/amsfonts/cm/cmmi8.pfb></usr/share/texlive/texmf-dist/fonts/
type1/public/amsfonts/cm/cmr10.pfb></usr/share/texlive/texmf-dist/fonts/type1/p
ublic/amsfonts/cm/cmr12.pfb></usr/share/texlive/texmf-dist/fonts/type1/public/a
msfonts/cm/cmr5.pfb></usr/share/texlive/texmf-dist/fonts/type1/public/amsfonts/
cm/cmr6.pfb></usr/share/texlive/texmf-dist/fonts/type1/public/amsfonts/cm/cmr7.
pfb></usr/share/texlive/texmf-dist/fonts/type1/public/amsfonts/cm/cmr8.pfb></us
r/share/texlive/texmf-dist/fonts/type1/public/amsfonts/cm/cmr9.pfb></usr/share/
texlive/texmf-dist/fonts/type1/public/amsfonts/cm/cmsy10.pfb></usr/share/texliv
e/texmf-dist/fonts/type1/public/amsfonts/cm/cmsy8.pfb></usr/share/texlive/texmf
-dist/fonts/type1/public/amsfonts/cm/cmti10.pfb></usr/share/texlive/texmf-dist/
fonts/type1/public/esint-type1/esint10.pfb>
Output written on TrabajoPracticoADC.pdf (57 pages, 2596505 bytes).
PDF statistics:
 346 PDF objects out of 1000 (max. 8388607)
 193 compressed objects within 2 object streams
 0 named destinations out of 1000 (max. 500000)
 306 words of extra memory for PDF output out of 10000 (max. 10000000)

